[03-Jun-2023 16:28:18 UTC] PHP Warning:  Attempt to read property "title" on null in C:\Users\yjh_6\Local Sites\fictional-university\app\public\wp-includes\class-wp-customize-widgets.php on line 905
[03-Jun-2023 16:30:41 UTC] PHP Warning:  Attempt to read property "title" on null in C:\Users\yjh_6\Local Sites\fictional-university\app\public\wp-includes\class-wp-customize-widgets.php on line 905
[03-Jun-2023 16:31:29 UTC] PHP Warning:  Attempt to read property "title" on null in C:\Users\yjh_6\Local Sites\fictional-university\app\public\wp-includes\class-wp-customize-widgets.php on line 905
[03-Jun-2023 16:33:03 UTC] PHP Warning:  Attempt to read property "title" on null in C:\Users\yjh_6\Local Sites\fictional-university\app\public\wp-includes\class-wp-customize-widgets.php on line 905
[03-Jun-2023 21:51:55 UTC] PHP Fatal error:  Uncaught Error: Call to undefined function get_header() in C:\Users\yjh_6\Local Sites\fictional-university\app\public\wp-content\themes\fictional-university-theme\index.php:2
Stack trace:
#0 {main}
  thrown in C:\Users\yjh_6\Local Sites\fictional-university\app\public\wp-content\themes\fictional-university-theme\index.php on line 2
[03-Jun-2023 21:52:43 UTC] PHP Fatal error:  Uncaught Error: Call to undefined function get_header() in C:\Users\yjh_6\Local Sites\fictional-university\app\public\wp-content\themes\fictional-university-theme\index.php:2
Stack trace:
#0 {main}
  thrown in C:\Users\yjh_6\Local Sites\fictional-university\app\public\wp-content\themes\fictional-university-theme\index.php on line 2
[05-Jun-2023 05:36:57 UTC] PHP Parse error:  syntax error, unexpected token ";" in C:\Users\yjh_6\Local Sites\fictional-university\app\public\wp-content\themes\fictional-university-theme\page.php on line 19
[05-Jun-2023 05:37:12 UTC] PHP Parse error:  syntax error, unexpected token ";" in C:\Users\yjh_6\Local Sites\fictional-university\app\public\wp-content\themes\fictional-university-theme\page.php on line 19
[05-Jun-2023 16:22:52 UTC] PHP Fatal error:  Uncaught TypeError: Unsupported operand types: string + int in C:\Users\yjh_6\Local Sites\fictional-university\app\public\wp-content\themes\fictional-university-theme\index.php:10
Stack trace:
#0 C:\Users\yjh_6\Local Sites\fictional-university\app\public\wp-includes\template-loader.php(106): include()
#1 C:\Users\yjh_6\Local Sites\fictional-university\app\public\wp-blog-header.php(19): require_once('C:\\Users\\yjh_6\\...')
#2 C:\Users\yjh_6\Local Sites\fictional-university\app\public\index.php(17): require('C:\\Users\\yjh_6\\...')
#3 {main}
  thrown in C:\Users\yjh_6\Local Sites\fictional-university\app\public\wp-content\themes\fictional-university-theme\index.php on line 10
[05-Jun-2023 16:22:57 UTC] PHP Fatal error:  Uncaught TypeError: Unsupported operand types: string + int in C:\Users\yjh_6\Local Sites\fictional-university\app\public\wp-content\themes\fictional-university-theme\index.php:10
Stack trace:
#0 C:\Users\yjh_6\Local Sites\fictional-university\app\public\wp-includes\template-loader.php(106): include()
#1 C:\Users\yjh_6\Local Sites\fictional-university\app\public\wp-blog-header.php(19): require_once('C:\\Users\\yjh_6\\...')
#2 C:\Users\yjh_6\Local Sites\fictional-university\app\public\index.php(17): require('C:\\Users\\yjh_6\\...')
#3 {main}
  thrown in C:\Users\yjh_6\Local Sites\fictional-university\app\public\wp-content\themes\fictional-university-theme\index.php on line 10
